<?xml version="1.0" encoding="UTF-8"?>
<!-- Generated by org.testng.reporters.JUnitReportReporter -->
<testsuite hostname="HCL-PC" name="runner.TestRunner" tests="1" failures="0" timestamp="22 Apr 2020 05:55:59 GMT" time="35.296" errors="0">
  <testcase name="createAccount" time="35.296" classname="runner.TestRunner"/>
</testsuite> <!-- runner.TestRunner -->
